This file contains any messages produced by compilers while
running configure, to aid debugging if configure makes a mistake.

It was created by MacPorts configure 2.1.2, which was
generated by GNU Autoconf 2.69.  Invocation command line was

  $ ./configure --prefix=/Users/defn/.macports/_local --with-tclpackage=/Users/defn/Library/Tcl --with-install-user=defn --with-install-group=staff --with-directory-mode=0755 --enable-readline

## --------- ##
## Platform. ##
## --------- ##

hostname = alice.local
uname -m = x86_64
uname -r = 12.0.0
uname -s = Darwin
uname -v = Darwin Kernel Version 12.0.0: Sun Jun 24 23:00:16 PDT 2012; root:xnu-2050.7.9~1/RELEASE_X86_64

/usr/bin/uname -p = i386
/bin/uname -X     = unknown

/bin/arch              = unknown
/usr/bin/arch -k       = unknown
/usr/convex/getsysinfo = unknown
/usr/bin/hostinfo      = Mach kernel version:
	 Darwin Kernel Version 12.0.0: Sun Jun 24 23:00:16 PDT 2012; root:xnu-2050.7.9~1/RELEASE_X86_64
Kernel configured for up to 4 processors.
4 processors are physically available.
4 processors are logically available.
Processor type: i486 (Intel 80486)
Processors active: 0 1 2 3
Primary memory available: 16.00 gigabytes
Default processor set: 130 tasks, 565 threads, 4 processors
Load average: 0.75, Mach factor: 3.26
/bin/machine           = unknown
/usr/bin/oslevel       = unknown
/bin/universe          = unknown

PATH: /Users/defn/.macports/_local/bin
PATH: /Users/defn/.macports/_local/sbin
PATH: /bin
PATH: /sbin
PATH: /usr/bin
PATH: /usr/sbin


## ----------- ##
## Core tests. ##
## ----------- ##

configure:2680: checking build system type
configure:2694: result: x86_64-apple-darwin12.0.0
configure:2714: checking host system type
configure:2727: result: x86_64-apple-darwin12.0.0
configure:2747: checking target system type
configure:2760: result: x86_64-apple-darwin12.0.0
configure:2788: checking MacPorts version
configure:2791: result: 2.1.2
configure:2824: checking for sw_vers
configure:2842: found /usr/bin/sw_vers
configure:2854: result: /usr/bin/sw_vers
configure:2864: checking for defaults
configure:2882: found /usr/bin/defaults
configure:2894: result: /usr/bin/defaults
configure:2904: checking for xcode-select
configure:2922: found /usr/bin/xcode-select
configure:2934: result: /usr/bin/xcode-select
configure:2944: checking Mac OS X version
configure:2947: result: 10.8
configure:2970: checking Xcode location
configure:2981: result: /Applications/Xcode.app/Contents/Developer
configure:2995: checking Xcode version
configure:3002: result: 4.4
configure:3074: checking for gcc
configure:3101: result: /usr/bin/cc
configure:3330: checking for C compiler version
configure:3339: /usr/bin/cc --version >&5
Apple clang version 4.0 (tags/Apple/clang-421.0.57) (based on LLVM 3.1svn)
Target: x86_64-apple-darwin12.0.0
Thread model: posix
configure:3350: $? = 0
configure:3339: /usr/bin/cc -v >&5
Apple clang version 4.0 (tags/Apple/clang-421.0.57) (based on LLVM 3.1svn)
Target: x86_64-apple-darwin12.0.0
Thread model: posix
configure:3350: $? = 0
configure:3339: /usr/bin/cc -V >&5
clang: error: argument to '-V' is missing (expected 1 value)
clang: error: no input files
configure:3350: $? = 1
configure:3339: /usr/bin/cc -qversion >&5
clang: error: no input files
configure:3350: $? = 1
configure:3370: checking whether the C compiler works
configure:3392: /usr/bin/cc    conftest.c  >&5
configure:3396: $? = 0
configure:3444: result: yes
configure:3447: checking for C compiler default output file name
configure:3449: result: a.out
configure:3455: checking for suffix of executables
configure:3462: /usr/bin/cc -o conftest    conftest.c  >&5
configure:3466: $? = 0
configure:3488: result: 
configure:3510: checking whether we are cross compiling
configure:3518: /usr/bin/cc -o conftest    conftest.c  >&5
configure:3522: $? = 0
configure:3529: ./conftest
configure:3533: $? = 0
configure:3548: result: no
configure:3553: checking for suffix of object files
configure:3575: /usr/bin/cc -c   conftest.c >&5
configure:3579: $? = 0
configure:3600: result: o
configure:3604: checking whether we are using the GNU C compiler
configure:3623: /usr/bin/cc -c   conftest.c >&5
configure:3623: $? = 0
configure:3632: result: yes
configure:3641: checking whether /usr/bin/cc accepts -g
configure:3661: /usr/bin/cc -c -g  conftest.c >&5
configure:3661: $? = 0
configure:3702: result: yes
configure:3719: checking for /usr/bin/cc option to accept ISO C89
configure:3782: /usr/bin/cc  -c -g -O2  conftest.c >&5
configure:3782: $? = 0
configure:3795: result: none needed
configure:3829: checking for a BSD-compatible install
configure:3897: result: /usr/bin/install -c
configure:3908: checking whether ln -s works
configure:3912: result: yes
configure:3919: checking whether make sets $(MAKE)
configure:3941: result: yes
configure:4004: checking for gcc
configure:4020: found /usr/bin/gcc
configure:4031: result: gcc
configure:4056: checking for Objective C compiler version
configure:4065: gcc --version >&5
i686-apple-darwin11-llvm-gcc-4.2 (GCC) 4.2.1 (Based on Apple Inc. build 5658) (LLVM build 2336.11.00)
Copyright (C) 2007 Free Software Foundation, Inc.
This is free software; see the source for copying conditions.  There is NO
warranty; not even for MERCHANTABILITY or FITNESS FOR A PARTICULAR PURPOSE.

configure:4076: $? = 0
configure:4065: gcc -v >&5
Using built-in specs.
Target: i686-apple-darwin11
Configured with: /private/var/tmp/llvmgcc42/llvmgcc42-2336.11~28/src/configure --disable-checking --enable-werror --prefix=/Applications/Xcode.app/Contents/Developer/usr/llvm-gcc-4.2 --mandir=/share/man --enable-languages=c,objc,c++,obj-c++ --program-prefix=llvm- --program-transform-name=/^[cg][^.-]*$/s/$/-4.2/ --with-slibdir=/usr/lib --build=i686-apple-darwin11 --enable-llvm=/private/var/tmp/llvmgcc42/llvmgcc42-2336.11~28/dst-llvmCore/Developer/usr/local --program-prefix=i686-apple-darwin11- --host=x86_64-apple-darwin11 --target=i686-apple-darwin11 --with-gxx-include-dir=/usr/include/c++/4.2.1
Thread model: posix
gcc version 4.2.1 (Based on Apple Inc. build 5658) (LLVM build 2336.11.00)
configure:4076: $? = 0
configure:4065: gcc -V >&5
llvm-gcc-4.2: argument to `-V' is missing
configure:4076: $? = 1
configure:4065: gcc -qversion >&5
i686-apple-darwin11-llvm-gcc-4.2: no input files
configure:4076: $? = 1
configure:4080: checking whether we are using the GNU Objective C compiler
configure:4099: gcc -c   conftest.m >&5
configure:4099: $? = 0
configure:4108: result: yes
configure:4117: checking whether gcc accepts -g
configure:4137: gcc -c -g  conftest.m >&5
configure:4137: $? = 0
configure:4178: result: yes
configure:4206: checking for bsdmake
configure:4239: result: no
configure:4206: checking for pmake
configure:4239: result: no
configure:4249: checking for bzip2
configure:4267: found /usr/bin/bzip2
configure:4279: result: /usr/bin/bzip2
configure:4289: checking for bzr
configure:4322: result: no
configure:4329: checking for chown
configure:4348: found /usr/sbin/chown
configure:4360: result: /usr/sbin/chown
configure:4370: checking for cp
configure:4388: found /bin/cp
configure:4400: result: /bin/cp
configure:4410: checking for cpio
configure:4428: found /usr/bin/cpio
configure:4440: result: /usr/bin/cpio
configure:4450: checking for cvs
configure:4468: found /usr/bin/cvs
configure:4480: result: /usr/bin/cvs
configure:4490: checking for diff
configure:4508: found /usr/bin/diff
configure:4520: result: /usr/bin/diff
configure:4530: checking for dscl
configure:4548: found /usr/bin/dscl
configure:4560: result: /usr/bin/dscl
configure:4570: checking for dseditgroup
configure:4588: found /usr/sbin/dseditgroup
configure:4600: result: /usr/sbin/dseditgroup
configure:4610: checking for file
configure:4628: found /usr/bin/file
configure:4640: result: /usr/bin/file
configure:4650: checking for git
configure:4668: found /usr/bin/git
configure:4680: result: /usr/bin/git
configure:4692: checking for gnumake
configure:4711: found /usr/bin/gnumake
configure:4723: result: /usr/bin/gnumake
configure:4738: checking for gnupatch
configure:4772: result: no
configure:4738: checking for gpatch
configure:4772: result: no
configure:4784: checking for gnutar
configure:4803: found /usr/bin/gnutar
configure:4815: result: /usr/bin/gnutar
configure:4828: checking for gzip
configure:4846: found /usr/bin/gzip
configure:4858: result: /usr/bin/gzip
configure:4868: checking for hdiutil
configure:4886: found /usr/bin/hdiutil
configure:4898: result: /usr/bin/hdiutil
configure:4908: checking for hg
configure:4941: result: no
configure:4948: checking for launchctl
configure:4966: found /bin/launchctl
configure:4978: result: /bin/launchctl
configure:4988: checking for lipo
configure:5006: found /usr/bin/lipo
configure:5018: result: /usr/bin/lipo
configure:5028: checking for lsbom
configure:5046: found /usr/bin/lsbom
configure:5058: result: /usr/bin/lsbom
configure:5068: checking for lzma
configure:5101: result: no
configure:5108: checking for make
configure:5126: found /usr/bin/make
configure:5138: result: /usr/bin/make
configure:5148: checking for mdfind
configure:5166: found /usr/bin/mdfind
configure:5178: result: /usr/bin/mdfind
configure:5188: checking for mdls
configure:5206: found /usr/bin/mdls
configure:5218: result: /usr/bin/mdls
configure:5228: checking for mkbom
configure:5246: found /usr/bin/mkbom
configure:5258: result: /usr/bin/mkbom
configure:5268: checking for mtree
configure:5287: found /usr/sbin/mtree
configure:5299: result: /usr/sbin/mtree
configure:5309: checking for open
configure:5327: found /usr/bin/open
configure:5339: result: /usr/bin/open
configure:5349: checking for openssl
configure:5367: found /usr/bin/openssl
configure:5379: result: /usr/bin/openssl
configure:5389: checking for patch
configure:5407: found /usr/bin/patch
configure:5419: result: /usr/bin/patch
configure:5429: checking for pax
configure:5447: found /bin/pax
configure:5459: result: /bin/pax
configure:5469: checking for rmdir
configure:5487: found /bin/rmdir
configure:5499: result: /bin/rmdir
configure:5509: checking for rsync
configure:5527: found /usr/bin/rsync
configure:5539: result: /usr/bin/rsync
configure:5549: checking for sed
configure:5567: found /usr/bin/sed
configure:5579: result: /usr/bin/sed
configure:5589: checking for svn
configure:5607: found /usr/bin/svn
configure:5619: result: /usr/bin/svn
configure:5629: checking for swig
configure:5663: result: no
configure:5670: checking for tar
configure:5688: found /usr/bin/tar
configure:5700: result: /usr/bin/tar
configure:5710: checking for unzip
configure:5728: found /usr/bin/unzip
configure:5740: result: /usr/bin/unzip
configure:5750: checking for xar
configure:5768: found /usr/bin/xar
configure:5780: result: /usr/bin/xar
configure:5790: checking for xcodebuild
configure:5808: found /usr/bin/xcodebuild
configure:5820: result: /usr/bin/xcodebuild
configure:5830: checking for xcrun
configure:5848: found /usr/bin/xcrun
configure:5860: result: /usr/bin/xcrun
configure:5870: checking for xz
configure:5903: result: no
configure:5910: checking for zip
configure:5928: found /usr/bin/zip
configure:5940: result: /usr/bin/zip
configure:5951: checking for launchd
configure:5967: found /sbin/launchd
configure:5978: result: yes
configure:6013: checking for sed
configure:6043: result: /usr/bin/sed
configure:6056: checking which sed flag to use for extended regexp
configure:6066: result: -E (BSD)
configure:6083: checking for tar
configure:6113: result: /usr/bin/tar
configure:6122: checking whether tar supports -q
configure:6125: result: yes (bsdtar)
configure:6138: checking for tar
configure:6168: result: /usr/bin/tar
configure:6178: checking for gnutar
configure:6208: result: /usr/bin/gnutar
configure:6217: checking for which tar variant to use
configure:6224: result: /usr/bin/gnutar
configure:6228: checking for /usr/bin/gnutar --no-same-owner support
configure:6235: result: yes
configure:6243: checking for patch
configure:6273: result: /usr/bin/patch
configure:6283: checking for gpatch
configure:6316: result: no
configure:6322: checking for GNU (FSF) patch
configure:6334: result: /usr/bin/patch
configure:6366: checking how to mark unused variables
configure:6372: /usr/bin/cc -c -g -O2  conftest.c >&5
configure:6372: $? = 0
configure:6382: result: 
configure:6387: checking for gcc symbol visibility attribute
configure:6406: /usr/bin/cc -c -g -O2  conftest.c >&5
configure:6406: $? = 0
configure:6420: result: __attribute__((visibility("hidden")))
configure:6605: checking for the pthreads library -lpthreads
configure:6638: /usr/bin/cc -o conftest -g -O2    conftest.c -lpthreads  >&5
ld: library not found for -lpthreads
clang: error: linker command failed with exit code 1 (use -v to see invocation)
configure:6638: $? = 1
configure: failed program was:
| /* confdefs.h */
| #define PACKAGE_NAME "MacPorts"
| #define PACKAGE_TARNAME "macports"
| #define PACKAGE_VERSION "2.1.2"
| #define PACKAGE_STRING "MacPorts 2.1.2"
| #define PACKAGE_BUGREPORT "macports-dev@lists.macosforge.org"
| #define PACKAGE_URL ""
| #define UNUSED __attribute__((unused))
| #define MP_PRIVATE __attribute__((visibility("hidden")))
| /* end confdefs.h.  */
| #include <pthread.h>
| int
| main ()
| {
| pthread_t th; pthread_join(th, 0);
|                      pthread_attr_init(0); pthread_cleanup_push(0, 0);
|                      pthread_create(0,0,0,0); pthread_cleanup_pop(0);
|   ;
|   return 0;
| }
configure:6647: result: no
configure:6550: checking whether pthreads work without any flags
configure:6638: /usr/bin/cc -o conftest -g -O2    conftest.c   >&5
configure:6638: $? = 0
configure:6647: result: yes
configure:6666: checking for joinable pthread attribute
configure:6681: /usr/bin/cc -o conftest -g -O2    conftest.c   >&5
configure:6681: $? = 0
configure:6687: result: PTHREAD_CREATE_JOINABLE
configure:6697: checking if more special flags are required for pthreads
configure:6704: result: -D_THREAD_SAFE
configure:6741: checking how to run the Objective C preprocessor
configure:6768: gcc -E  conftest.m
configure:6768: $? = 0
configure:6782: gcc -E  conftest.m
conftest.m:12:28: error: ac_nonexistent.h: No such file or directory
configure:6782: $? = 1
configure: failed program was:
| /* confdefs.h */
| #define PACKAGE_NAME "MacPorts"
| #define PACKAGE_TARNAME "macports"
| #define PACKAGE_VERSION "2.1.2"
| #define PACKAGE_STRING "MacPorts 2.1.2"
| #define PACKAGE_BUGREPORT "macports-dev@lists.macosforge.org"
| #define PACKAGE_URL ""
| #define UNUSED __attribute__((unused))
| #define MP_PRIVATE __attribute__((visibility("hidden")))
| #define HAVE_PTHREAD 1
| /* end confdefs.h.  */
| #include <ac_nonexistent.h>
configure:6807: result: gcc -E
configure:6827: gcc -E  conftest.m
configure:6827: $? = 0
configure:6841: gcc -E  conftest.m
conftest.m:12:28: error: ac_nonexistent.h: No such file or directory
configure:6841: $? = 1
configure: failed program was:
| /* confdefs.h */
| #define PACKAGE_NAME "MacPorts"
| #define PACKAGE_TARNAME "macports"
| #define PACKAGE_VERSION "2.1.2"
| #define PACKAGE_STRING "MacPorts 2.1.2"
| #define PACKAGE_BUGREPORT "macports-dev@lists.macosforge.org"
| #define PACKAGE_URL ""
| #define UNUSED __attribute__((unused))
| #define MP_PRIVATE __attribute__((visibility("hidden")))
| #define HAVE_PTHREAD 1
| /* end confdefs.h.  */
| #include <ac_nonexistent.h>
configure:6870: checking for grep that handles long lines and -e
configure:6928: result: /usr/bin/grep
configure:6933: checking for egrep
configure:6995: result: /usr/bin/grep -E
configure:7000: checking for ANSI C header files
configure:7020: gcc -c -g -O2  conftest.m >&5
configure:7020: $? = 0
configure:7093: gcc -o conftest -g -O2   conftest.m  >&5
configure:7093: $? = 0
configure:7093: ./conftest
configure:7093: $? = 0
configure:7104: result: yes
configure:7117: checking for sys/types.h
configure:7117: gcc -c -g -O2  conftest.m >&5
configure:7117: $? = 0
configure:7117: result: yes
configure:7117: checking for sys/stat.h
configure:7117: gcc -c -g -O2  conftest.m >&5
configure:7117: $? = 0
configure:7117: result: yes
configure:7117: checking for stdlib.h
configure:7117: gcc -c -g -O2  conftest.m >&5
configure:7117: $? = 0
configure:7117: result: yes
configure:7117: checking for string.h
configure:7117: gcc -c -g -O2  conftest.m >&5
configure:7117: $? = 0
configure:7117: result: yes
configure:7117: checking for memory.h
configure:7117: gcc -c -g -O2  conftest.m >&5
configure:7117: $? = 0
configure:7117: result: yes
configure:7117: checking for strings.h
configure:7117: gcc -c -g -O2  conftest.m >&5
configure:7117: $? = 0
configure:7117: result: yes
configure:7117: checking for inttypes.h
configure:7117: gcc -c -g -O2  conftest.m >&5
configure:7117: $? = 0
configure:7117: result: yes
configure:7117: checking for stdint.h
configure:7117: gcc -c -g -O2  conftest.m >&5
configure:7117: $? = 0
configure:7117: result: yes
configure:7117: checking for unistd.h
configure:7117: gcc -c -g -O2  conftest.m >&5
configure:7117: $? = 0
configure:7117: result: yes
configure:7164: checking objc/objc.h usability
configure:7164: gcc -c -g -O2  conftest.m >&5
configure:7164: $? = 0
configure:7164: result: yes
configure:7164: checking objc/objc.h presence
configure:7164: gcc -E  conftest.m
configure:7164: $? = 0
configure:7164: result: yes
configure:7164: checking for objc/objc.h
configure:7164: result: yes
configure:7189: checking if linking libobjc requires pthreads
configure:7218: gcc -o conftest -g -O2   conftest.m  -lobjc >&5
conftest.m: In function 'main':
conftest.m:32: error: 'Object' undeclared (first use in this function)
conftest.m:32: error: (Each undeclared identifier is reported only once
conftest.m:32: error: for each function it appears in.)
conftest.m:32: error: 'obj' undeclared (first use in this function)
configure:7218: $? = 1
configure: failed program was:
| /* confdefs.h */
| #define PACKAGE_NAME "MacPorts"
| #define PACKAGE_TARNAME "macports"
| #define PACKAGE_VERSION "2.1.2"
| #define PACKAGE_STRING "MacPorts 2.1.2"
| #define PACKAGE_BUGREPORT "macports-dev@lists.macosforge.org"
| #define PACKAGE_URL ""
| #define UNUSED __attribute__((unused))
| #define MP_PRIVATE __attribute__((visibility("hidden")))
| #define HAVE_PTHREAD 1
| #define STDC_HEADERS 1
| #define HAVE_SYS_TYPES_H 1
| #define HAVE_SYS_STAT_H 1
| #define HAVE_STDLIB_H 1
| #define HAVE_STRING_H 1
| #define HAVE_MEMORY_H 1
| #define HAVE_STRINGS_H 1
| #define HAVE_INTTYPES_H 1
| #define HAVE_STDINT_H 1
| #define HAVE_UNISTD_H 1
| #define HAVE_OBJC_OBJC_H 1
| /* end confdefs.h.  */
| 
| 
| 						#include <objc/objc.h>
| 						#include <objc/Object.h>
| 
| int
| main ()
| {
| 
| 						Object *obj = [Object alloc];
| 						puts([obj name]);
| 
|   ;
|   return 0;
| }
| 
configure:7256: gcc -o conftest -g -O2 -D_THREAD_SAFE    conftest.m  -lobjc  >&5
conftest.m: In function 'main':
conftest.m:32: error: 'Object' undeclared (first use in this function)
conftest.m:32: error: (Each undeclared identifier is reported only once
conftest.m:32: error: for each function it appears in.)
conftest.m:32: error: 'obj' undeclared (first use in this function)
configure:7256: $? = 1
configure: failed program was:
| /* confdefs.h */
| #define PACKAGE_NAME "MacPorts"
| #define PACKAGE_TARNAME "macports"
| #define PACKAGE_VERSION "2.1.2"
| #define PACKAGE_STRING "MacPorts 2.1.2"
| #define PACKAGE_BUGREPORT "macports-dev@lists.macosforge.org"
| #define PACKAGE_URL ""
| #define UNUSED __attribute__((unused))
| #define MP_PRIVATE __attribute__((visibility("hidden")))
| #define HAVE_PTHREAD 1
| #define STDC_HEADERS 1
| #define HAVE_SYS_TYPES_H 1
| #define HAVE_SYS_STAT_H 1
| #define HAVE_STDLIB_H 1
| #define HAVE_STRING_H 1
| #define HAVE_MEMORY_H 1
| #define HAVE_STRINGS_H 1
| #define HAVE_INTTYPES_H 1
| #define HAVE_STDINT_H 1
| #define HAVE_UNISTD_H 1
| #define HAVE_OBJC_OBJC_H 1
| /* end confdefs.h.  */
| 
| 
| 							#include <objc/objc.h>
| 							#include <objc/Object.h>
| 
| int
| main ()
| {
| 
| 							Object *obj = [Object alloc];
| 							puts([obj name]);
| 
|   ;
|   return 0;
| }
| 
configure:7276: result: no
configure:7289: checking for Apple Objective-C runtime
configure:7318: gcc -o conftest -g -O2 -D_THREAD_SAFE    conftest.m  -lobjc  >&5
conftest.m: In function 'main':
conftest.m:32: warning: initialization makes pointer from integer without a cast
conftest.m:33: warning: no '-alloc' method found
conftest.m:33: warning: (Messages without a matching method signature
conftest.m:33: warning: will be assumed to return 'id' and accept
conftest.m:33: warning: '...' as arguments.)
conftest.m:34: warning: no '-name' method found
configure:7318: $? = 0
configure:7333: result: yes
configure:7340: checking for GNU Objective C runtime
configure:7369: gcc -o conftest -g -O2 -D_THREAD_SAFE    conftest.m  -lobjc  >&5
conftest.m: In function 'main':
conftest.m:32: warning: initialization makes pointer from integer without a cast
conftest.m:33: warning: no '-alloc' method found
conftest.m:33: warning: (Messages without a matching method signature
conftest.m:33: warning: will be assumed to return 'id' and accept
conftest.m:33: warning: '...' as arguments.)
conftest.m:34: warning: no '-name' method found
Undefined symbols for architecture x86_64:
  "_objc_lookup_class", referenced from:
      _main in ccbbTekj.o
ld: symbol(s) not found for architecture x86_64
collect2: ld returned 1 exit status
configure:7369: $? = 1
configure: failed program was:
| /* confdefs.h */
| #define PACKAGE_NAME "MacPorts"
| #define PACKAGE_TARNAME "macports"
| #define PACKAGE_VERSION "2.1.2"
| #define PACKAGE_STRING "MacPorts 2.1.2"
| #define PACKAGE_BUGREPORT "macports-dev@lists.macosforge.org"
| #define PACKAGE_URL ""
| #define UNUSED __attribute__((unused))
| #define MP_PRIVATE __attribute__((visibility("hidden")))
| #define HAVE_PTHREAD 1
| #define STDC_HEADERS 1
| #define HAVE_SYS_TYPES_H 1
| #define HAVE_SYS_STAT_H 1
| #define HAVE_STDLIB_H 1
| #define HAVE_STRING_H 1
| #define HAVE_MEMORY_H 1
| #define HAVE_STRINGS_H 1
| #define HAVE_INTTYPES_H 1
| #define HAVE_STDINT_H 1
| #define HAVE_UNISTD_H 1
| #define HAVE_OBJC_OBJC_H 1
| /* end confdefs.h.  */
| 
| 
| 							#include <objc/objc.h>
| 							#include <objc/objc-api.h>
| 
| int
| main ()
| {
| 
| 							id class = objc_lookup_class("Object");
| 							id obj = [class alloc];
| 							puts([obj name]);
| 
|   ;
|   return 0;
| }
| 
configure:7384: result: no
configure:7396: Using Apple Objective-C runtime
configure:7476: checking for Apple Foundation library
configure:7512: gcc -o conftest -g -O2   conftest.m -framework Foundation  >&5
conftest.m: In function 'main':
conftest.m:33: warning: 'NSString' may not respond to '+length'
conftest.m:33: warning: (Messages without a matching method signature
conftest.m:33: warning: will be assumed to return 'id' and accept
conftest.m:33: warning: '...' as arguments.)
configure:7512: $? = 0
configure:7530: result: yes
configure:7542: WARNING: GNUSTEP_SYSTEM_ROOT is not defined in your environment, preventing the use of GNUstep's Foundation library
configure:7629: Using Apple Foundation library
configure:7665: checking for CoreFoundation framework
configure:7693: /usr/bin/cc -o conftest -g -O2   conftest.c -framework CoreFoundation  >&5
configure:7693: $? = 0
configure:7711: result: yes
configure:7725: checking for SystemConfiguration framework
configure:7753: /usr/bin/cc -o conftest -g -O2   conftest.c -framework SystemConfiguration  >&5
configure:7753: $? = 0
configure:7771: result: yes
configure:7785: checking for IOKit framework
configure:7813: /usr/bin/cc -o conftest -g -O2   conftest.c -framework IOKit  >&5
conftest.c:36:6: warning: implicit declaration of function 'IORegisterForSystemPower' is invalid in C99 [-Wimplicit-function-declaration]
                                        IORegisterForSystemPower(0, NULL, NULL, NULL);
                                        ^
1 warning generated.
configure:7813: $? = 0
configure:7831: result: yes
configure:7845: checking for CFNotificationCenterGetDarwinNotifyCenter
configure:7872: /usr/bin/cc -o conftest -g -O2   conftest.c -framework CoreFoundation  >&5
configure:7872: $? = 0
configure:7890: result: yes
configure:7907: checking for whether we will build daemondo
configure:7924: result: yes
configure:7959: checking for ports tree
configure:7976: result: /Users/defn/.macports/_local/var/macports/sources/rsync.macports.org/release/ports
configure:7988: checking for MacPorts config directory
configure:7993: result: ${sysconfdir}/macports
configure:8066: checking for install user
configure:8072: result: defn
configure:8086: checking for install group
configure:8106: result: staff
configure:8120: checking for macports user
configure:8126: result: macports
configure:8140: checking what permissions to use for installation directories
configure:8146: result: 0755
configure:8186: checking for Applications installation directory
configure:8197: result: /Users/defn/Applications/MacPorts
configure:8216: checking for Frameworks installation directory
configure:8223: result: /Users/defn/.macports/_local/Library/Frameworks
configure:8249: checking for Universal CPU architectures
configure:8251: result: x86_64 i386
configure:8262: checking how to run the C preprocessor
configure:8293: /usr/bin/cc -E  conftest.c
configure:8293: $? = 0
configure:8307: /usr/bin/cc -E  conftest.c
conftest.c:29:10: fatal error: 'ac_nonexistent.h' file not found
#include <ac_nonexistent.h>
         ^
1 error generated.
configure:8307: $? = 1
configure: failed program was:
| /* confdefs.h */
| #define PACKAGE_NAME "MacPorts"
| #define PACKAGE_TARNAME "macports"
| #define PACKAGE_VERSION "2.1.2"
| #define PACKAGE_STRING "MacPorts 2.1.2"
| #define PACKAGE_BUGREPORT "macports-dev@lists.macosforge.org"
| #define PACKAGE_URL ""
| #define UNUSED __attribute__((unused))
| #define MP_PRIVATE __attribute__((visibility("hidden")))
| #define HAVE_PTHREAD 1
| #define STDC_HEADERS 1
| #define HAVE_SYS_TYPES_H 1
| #define HAVE_SYS_STAT_H 1
| #define HAVE_STDLIB_H 1
| #define HAVE_STRING_H 1
| #define HAVE_MEMORY_H 1
| #define HAVE_STRINGS_H 1
| #define HAVE_INTTYPES_H 1
| #define HAVE_STDINT_H 1
| #define HAVE_UNISTD_H 1
| #define HAVE_OBJC_OBJC_H 1
| #define APPLE_RUNTIME 1
| #define APPLE_FOUNDATION 1
| #define HAVE_FRAMEWORK_COREFOUNDATION /**/
| #define HAVE_FRAMEWORK_SYSTEMCONFIGURATION /**/
| #define HAVE_FRAMEWORK_IOKIT /**/
| #define HAVE_FUNCTION_CFNOTIFICATIONCENTERGETDARWINNOTIFYCENTER /**/
| /* end confdefs.h.  */
| #include <ac_nonexistent.h>
configure:8332: result: /usr/bin/cc -E
configure:8352: /usr/bin/cc -E  conftest.c
configure:8352: $? = 0
configure:8366: /usr/bin/cc -E  conftest.c
conftest.c:29:10: fatal error: 'ac_nonexistent.h' file not found
#include <ac_nonexistent.h>
         ^
1 error generated.
configure:8366: $? = 1
configure: failed program was:
| /* confdefs.h */
| #define PACKAGE_NAME "MacPorts"
| #define PACKAGE_TARNAME "macports"
| #define PACKAGE_VERSION "2.1.2"
| #define PACKAGE_STRING "MacPorts 2.1.2"
| #define PACKAGE_BUGREPORT "macports-dev@lists.macosforge.org"
| #define PACKAGE_URL ""
| #define UNUSED __attribute__((unused))
| #define MP_PRIVATE __attribute__((visibility("hidden")))
| #define HAVE_PTHREAD 1
| #define STDC_HEADERS 1
| #define HAVE_SYS_TYPES_H 1
| #define HAVE_SYS_STAT_H 1
| #define HAVE_STDLIB_H 1
| #define HAVE_STRING_H 1
| #define HAVE_MEMORY_H 1
| #define HAVE_STRINGS_H 1
| #define HAVE_INTTYPES_H 1
| #define HAVE_STDINT_H 1
| #define HAVE_UNISTD_H 1
| #define HAVE_OBJC_OBJC_H 1
| #define APPLE_RUNTIME 1
| #define APPLE_FOUNDATION 1
| #define HAVE_FRAMEWORK_COREFOUNDATION /**/
| #define HAVE_FRAMEWORK_SYSTEMCONFIGURATION /**/
| #define HAVE_FRAMEWORK_IOKIT /**/
| #define HAVE_FUNCTION_CFNOTIFICATIONCENTERGETDARWINNOTIFYCENTER /**/
| /* end confdefs.h.  */
| #include <ac_nonexistent.h>
configure:8395: checking for ANSI C header files
configure:8499: result: yes
configure:8510: checking for dirent.h that defines DIR
configure:8529: /usr/bin/cc -c -g -O2  conftest.c >&5
configure:8529: $? = 0
configure:8537: result: yes
configure:8550: checking for library containing opendir
configure:8581: /usr/bin/cc -o conftest -g -O2   conftest.c  >&5
configure:8581: $? = 0
configure:8598: result: none required
configure:8665: checking for sys/wait.h that is POSIX.1 compatible
configure:8691: /usr/bin/cc -c -g -O2  conftest.c >&5
configure:8691: $? = 0
configure:8698: result: yes
configure:8710: checking limits.h usability
configure:8710: /usr/bin/cc -c -g -O2  conftest.c >&5
configure:8710: $? = 0
configure:8710: result: yes
configure:8710: checking limits.h presence
configure:8710: /usr/bin/cc -E  conftest.c
configure:8710: $? = 0
configure:8710: result: yes
configure:8710: checking for limits.h
configure:8710: result: yes
configure:8710: checking paths.h usability
configure:8710: /usr/bin/cc -c -g -O2  conftest.c >&5
configure:8710: $? = 0
configure:8710: result: yes
configure:8710: checking paths.h presence
configure:8710: /usr/bin/cc -E  conftest.c
configure:8710: $? = 0
configure:8710: result: yes
configure:8710: checking for paths.h
configure:8710: result: yes
configure:8710: checking sys/file.h usability
configure:8710: /usr/bin/cc -c -g -O2  conftest.c >&5
configure:8710: $? = 0
configure:8710: result: yes
configure:8710: checking sys/file.h presence
configure:8710: /usr/bin/cc -E  conftest.c
configure:8710: $? = 0
configure:8710: result: yes
configure:8710: checking for sys/file.h
configure:8710: result: yes
configure:8710: checking crt_externs.h usability
configure:8710: /usr/bin/cc -c -g -O2  conftest.c >&5
configure:8710: $? = 0
configure:8710: result: yes
configure:8710: checking crt_externs.h presence
configure:8710: /usr/bin/cc -E  conftest.c
configure:8710: $? = 0
configure:8710: result: yes
configure:8710: checking for crt_externs.h
configure:8710: result: yes
configure:8710: checking fcntl.h usability
configure:8710: /usr/bin/cc -c -g -O2  conftest.c >&5
configure:8710: $? = 0
configure:8710: result: yes
configure:8710: checking fcntl.h presence
configure:8710: /usr/bin/cc -E  conftest.c
configure:8710: $? = 0
configure:8710: result: yes
configure:8710: checking for fcntl.h
configure:8710: result: yes
configure:8710: checking sys/fcntl.h usability
configure:8710: /usr/bin/cc -c -g -O2  conftest.c >&5
configure:8710: $? = 0
configure:8710: result: yes
configure:8710: checking sys/fcntl.h presence
configure:8710: /usr/bin/cc -E  conftest.c
configure:8710: $? = 0
configure:8710: result: yes
configure:8710: checking for sys/fcntl.h
configure:8710: result: yes
configure:8710: checking sys/cdefs.h usability
configure:8710: /usr/bin/cc -c -g -O2  conftest.c >&5
configure:8710: $? = 0
configure:8710: result: yes
configure:8710: checking sys/cdefs.h presence
configure:8710: /usr/bin/cc -E  conftest.c
configure:8710: $? = 0
configure:8710: result: yes
configure:8710: checking for sys/cdefs.h
configure:8710: result: yes
configure:8710: checking err.h usability
configure:8710: /usr/bin/cc -c -g -O2  conftest.c >&5
configure:8710: $? = 0
configure:8710: result: yes
configure:8710: checking err.h presence
configure:8710: /usr/bin/cc -E  conftest.c
configure:8710: $? = 0
configure:8710: result: yes
configure:8710: checking for err.h
configure:8710: result: yes
configure:8710: checking sys/socket.h usability
configure:8710: /usr/bin/cc -c -g -O2  conftest.c >&5
configure:8710: $? = 0
configure:8710: result: yes
configure:8710: checking sys/socket.h presence
configure:8710: /usr/bin/cc -E  conftest.c
configure:8710: $? = 0
configure:8710: result: yes
configure:8710: checking for sys/socket.h
configure:8710: result: yes
configure:8710: checking sys/sysctl.h usability
configure:8710: /usr/bin/cc -c -g -O2  conftest.c >&5
configure:8710: $? = 0
configure:8710: result: yes
configure:8710: checking sys/sysctl.h presence
configure:8710: /usr/bin/cc -E  conftest.c
configure:8710: $? = 0
configure:8710: result: yes
configure:8710: checking for sys/sysctl.h
configure:8710: result: yes
configure:8710: checking readline/readline.h usability
configure:8710: /usr/bin/cc -c -g -O2  conftest.c >&5
configure:8710: $? = 0
configure:8710: result: yes
configure:8710: checking readline/readline.h presence
configure:8710: /usr/bin/cc -E  conftest.c
configure:8710: $? = 0
configure:8710: result: yes
configure:8710: checking for readline/readline.h
configure:8710: result: yes
configure:8710: checking readline/history.h usability
configure:8710: /usr/bin/cc -c -g -O2  conftest.c >&5
configure:8710: $? = 0
configure:8710: result: yes
configure:8710: checking readline/history.h presence
configure:8710: /usr/bin/cc -E  conftest.c
configure:8710: $? = 0
configure:8710: result: yes
configure:8710: checking for readline/history.h
configure:8710: result: yes
configure:8710: checking pwd.h usability
configure:8710: /usr/bin/cc -c -g -O2  conftest.c >&5
configure:8710: $? = 0
configure:8710: result: yes
configure:8710: checking pwd.h presence
configure:8710: /usr/bin/cc -E  conftest.c
configure:8710: $? = 0
configure:8710: result: yes
configure:8710: checking for pwd.h
configure:8710: result: yes
configure:8710: checking sys/paths.h usability
configure:8710: /usr/bin/cc -c -g -O2  conftest.c >&5
configure:8710: $? = 0
configure:8710: result: yes
configure:8710: checking sys/paths.h presence
configure:8710: /usr/bin/cc -E  conftest.c
configure:8710: $? = 0
configure:8710: result: yes
configure:8710: checking for sys/paths.h
configure:8710: result: yes
configure:8710: checking utime.h usability
configure:8710: /usr/bin/cc -c -g -O2  conftest.c >&5
configure:8710: $? = 0
configure:8710: result: yes
configure:8710: checking utime.h presence
configure:8710: /usr/bin/cc -E  conftest.c
configure:8710: $? = 0
configure:8710: result: yes
configure:8710: checking for utime.h
configure:8710: result: yes
configure:8727: checking for bzero
configure:8727: /usr/bin/cc -o conftest -g -O2   conftest.c  >&5
conftest.c:70:6: warning: incompatible redeclaration of library function 'bzero'
char bzero ();
     ^
conftest.c:70:6: note: 'bzero' is a builtin with type 'void (void *, unsigned long)'
1 warning generated.
configure:8727: $? = 0
configure:8727: result: yes
configure:8727: checking for memset
configure:8727: /usr/bin/cc -o conftest -g -O2   conftest.c  >&5
conftest.c:71:6: warning: incompatible redeclaration of library function 'memset'
char memset ();
     ^
conftest.c:71:6: note: 'memset' is a builtin with type 'void *(void *, int, unsigned long)'
1 warning generated.
configure:8727: $? = 0
configure:8727: result: yes
configure:8727: checking for fgetln
configure:8727: /usr/bin/cc -o conftest -g -O2   conftest.c  >&5
configure:8727: $? = 0
configure:8727: result: yes
configure:8727: checking for lockf
configure:8727: /usr/bin/cc -o conftest -g -O2   conftest.c  >&5
configure:8727: $? = 0
configure:8727: result: yes
configure:8727: checking for flock
configure:8727: /usr/bin/cc -o conftest -g -O2   conftest.c  >&5
configure:8727: $? = 0
configure:8727: result: yes
configure:8727: checking for setmode
configure:8727: /usr/bin/cc -o conftest -g -O2   conftest.c  >&5
configure:8727: $? = 0
configure:8727: result: yes
configure:8727: checking for strcasecmp
configure:8727: /usr/bin/cc -o conftest -g -O2   conftest.c  >&5
conftest.c:76:6: warning: incompatible redeclaration of library function 'strcasecmp'
char strcasecmp ();
     ^
conftest.c:76:6: note: 'strcasecmp' is a builtin with type 'int (const char *, const char *)'
1 warning generated.
configure:8727: $? = 0
configure:8727: result: yes
configure:8727: checking for strncasecmp
configure:8727: /usr/bin/cc -o conftest -g -O2   conftest.c  >&5
conftest.c:77:6: warning: incompatible redeclaration of library function 'strncasecmp'
char strncasecmp ();
     ^
conftest.c:77:6: note: 'strncasecmp' is a builtin with type 'int (const char *, const char *, unsigned long)'
1 warning generated.
configure:8727: $? = 0
configure:8727: result: yes
configure:8727: checking for strlcpy
configure:8727: /usr/bin/cc -o conftest -g -O2   conftest.c  >&5
conftest.c:78:6: warning: incompatible redeclaration of library function 'strlcpy'
char strlcpy ();
     ^
conftest.c:78:6: note: 'strlcpy' is a builtin with type 'unsigned long (char *, const char *, unsigned long)'
1 warning generated.
configure:8727: $? = 0
configure:8727: result: yes
configure:8727: checking for copyfile
configure:8727: /usr/bin/cc -o conftest -g -O2   conftest.c  >&5
configure:8727: $? = 0
configure:8727: result: yes
configure:8727: checking for clearenv
configure:8727: /usr/bin/cc -o conftest -g -O2   conftest.c  >&5
Undefined symbols for architecture x86_64:
  "_clearenv", referenced from:
      _main in conftest-oSOO4D.o
ld: symbol(s) not found for architecture x86_64
clang: error: linker command failed with exit code 1 (use -v to see invocation)
configure:8727: $? = 1
configure: failed program was:
| /* confdefs.h */
| #define PACKAGE_NAME "MacPorts"
| #define PACKAGE_TARNAME "macports"
| #define PACKAGE_VERSION "2.1.2"
| #define PACKAGE_STRING "MacPorts 2.1.2"
| #define PACKAGE_BUGREPORT "macports-dev@lists.macosforge.org"
| #define PACKAGE_URL ""
| #define UNUSED __attribute__((unused))
| #define MP_PRIVATE __attribute__((visibility("hidden")))
| #define HAVE_PTHREAD 1
| #define STDC_HEADERS 1
| #define HAVE_SYS_TYPES_H 1
| #define HAVE_SYS_STAT_H 1
| #define HAVE_STDLIB_H 1
| #define HAVE_STRING_H 1
| #define HAVE_MEMORY_H 1
| #define HAVE_STRINGS_H 1
| #define HAVE_INTTYPES_H 1
| #define HAVE_STDINT_H 1
| #define HAVE_UNISTD_H 1
| #define HAVE_OBJC_OBJC_H 1
| #define APPLE_RUNTIME 1
| #define APPLE_FOUNDATION 1
| #define HAVE_FRAMEWORK_COREFOUNDATION /**/
| #define HAVE_FRAMEWORK_SYSTEMCONFIGURATION /**/
| #define HAVE_FRAMEWORK_IOKIT /**/
| #define HAVE_FUNCTION_CFNOTIFICATIONCENTERGETDARWINNOTIFYCENTER /**/
| #define STDC_HEADERS 1
| #define HAVE_DIRENT_H 1
| #define HAVE_SYS_WAIT_H 1
| #define HAVE_LIMITS_H 1
| #define HAVE_PATHS_H 1
| #define HAVE_SYS_FILE_H 1
| #define HAVE_CRT_EXTERNS_H 1
| #define HAVE_FCNTL_H 1
| #define HAVE_SYS_FCNTL_H 1
| #define HAVE_SYS_CDEFS_H 1
| #define HAVE_ERR_H 1
| #define HAVE_SYS_SOCKET_H 1
| #define HAVE_SYS_SYSCTL_H 1
| #define HAVE_READLINE_READLINE_H 1
| #define HAVE_READLINE_HISTORY_H 1
| #define HAVE_PWD_H 1
| #define HAVE_SYS_PATHS_H 1
| #define HAVE_UTIME_H 1
| #define HAVE_BZERO 1
| #define HAVE_MEMSET 1
| #define HAVE_FGETLN 1
| #define HAVE_LOCKF 1
| #define HAVE_FLOCK 1
| #define HAVE_SETMODE 1
| #define HAVE_STRCASECMP 1
| #define HAVE_STRNCASECMP 1
| #define HAVE_STRLCPY 1
| #define HAVE_COPYFILE 1
| /* end confdefs.h.  */
| /* Define clearenv to an innocuous variant, in case <limits.h> declares clearenv.
|    For example, HP-UX 11i <limits.h> declares gettimeofday.  */
| #define clearenv innocuous_clearenv
| 
| /* System header to define __stub macros and hopefully few prototypes,
|     which can conflict with char clearenv (); below.
|     Prefer <limits.h> to <assert.h> if __STDC__ is defined, since
|     <limits.h> exists even on freestanding compilers.  */
| 
| #ifdef __STDC__
| # include <limits.h>
| #else
| # include <assert.h>
| #endif
| 
| #undef clearenv
| 
| /* Override any GCC internal prototype to avoid an error.
|    Use char because int might match the return type of a GCC
|    builtin and then its argument prototype would still apply.  */
| #ifdef __cplusplus
| extern "C"
| #endif
| char clearenv ();
| /* The GNU C library defines this for functions which it implements
|     to always fail with ENOSYS.  Some functions are actually named
|     something starting with __ and the normal name is an alias.  */
| #if defined __stub_clearenv || defined __stub___clearenv
| choke me
| #endif
| 
| int
| main ()
| {
| return clearenv ();
|   ;
|   return 0;
| }
configure:8727: result: no
configure:8727: checking for sysctlbyname
configure:8727: /usr/bin/cc -o conftest -g -O2   conftest.c  >&5
configure:8727: $? = 0
configure:8727: result: yes
configure:8737: checking if readlink conforms to POSIX 1003.1a
configure:8761: /usr/bin/cc -c -g -O2  conftest.c >&5
configure:8761: $? = 0
configure:8776: result: yes
configure:8789: checking CommonCrypto/CommonDigest.h usability
configure:8789: /usr/bin/cc -c -g -O2  conftest.c >&5
configure:8789: $? = 0
configure:8789: result: yes
configure:8789: checking CommonCrypto/CommonDigest.h presence
configure:8789: /usr/bin/cc -E  conftest.c
configure:8789: $? = 0
configure:8789: result: yes
configure:8789: checking for CommonCrypto/CommonDigest.h
configure:8789: result: yes
configure:8991: checking for readline in -lreadline
configure:9016: /usr/bin/cc -o conftest -g -O2   conftest.c -lreadline   >&5
configure:9016: $? = 0
configure:9025: result: yes
configure:9036: checking whether rl_username_completion_function is declared
configure:9036: /usr/bin/cc -c -g -O2  conftest.c >&5
conftest.c:74:10: error: use of undeclared identifier 'rl_username_completion_function'
  (void) rl_username_completion_function;
         ^
1 error generated.
configure:9036: $? = 1
configure: failed program was:
| /* confdefs.h */
| #define PACKAGE_NAME "MacPorts"
| #define PACKAGE_TARNAME "macports"
| #define PACKAGE_VERSION "2.1.2"
| #define PACKAGE_STRING "MacPorts 2.1.2"
| #define PACKAGE_BUGREPORT "macports-dev@lists.macosforge.org"
| #define PACKAGE_URL ""
| #define UNUSED __attribute__((unused))
| #define MP_PRIVATE __attribute__((visibility("hidden")))
| #define HAVE_PTHREAD 1
| #define STDC_HEADERS 1
| #define HAVE_SYS_TYPES_H 1
| #define HAVE_SYS_STAT_H 1
| #define HAVE_STDLIB_H 1
| #define HAVE_STRING_H 1
| #define HAVE_MEMORY_H 1
| #define HAVE_STRINGS_H 1
| #define HAVE_INTTYPES_H 1
| #define HAVE_STDINT_H 1
| #define HAVE_UNISTD_H 1
| #define HAVE_OBJC_OBJC_H 1
| #define APPLE_RUNTIME 1
| #define APPLE_FOUNDATION 1
| #define HAVE_FRAMEWORK_COREFOUNDATION /**/
| #define HAVE_FRAMEWORK_SYSTEMCONFIGURATION /**/
| #define HAVE_FRAMEWORK_IOKIT /**/
| #define HAVE_FUNCTION_CFNOTIFICATIONCENTERGETDARWINNOTIFYCENTER /**/
| #define STDC_HEADERS 1
| #define HAVE_DIRENT_H 1
| #define HAVE_SYS_WAIT_H 1
| #define HAVE_LIMITS_H 1
| #define HAVE_PATHS_H 1
| #define HAVE_SYS_FILE_H 1
| #define HAVE_CRT_EXTERNS_H 1
| #define HAVE_FCNTL_H 1
| #define HAVE_SYS_FCNTL_H 1
| #define HAVE_SYS_CDEFS_H 1
| #define HAVE_ERR_H 1
| #define HAVE_SYS_SOCKET_H 1
| #define HAVE_SYS_SYSCTL_H 1
| #define HAVE_READLINE_READLINE_H 1
| #define HAVE_READLINE_HISTORY_H 1
| #define HAVE_PWD_H 1
| #define HAVE_SYS_PATHS_H 1
| #define HAVE_UTIME_H 1
| #define HAVE_BZERO 1
| #define HAVE_MEMSET 1
| #define HAVE_FGETLN 1
| #define HAVE_LOCKF 1
| #define HAVE_FLOCK 1
| #define HAVE_SETMODE 1
| #define HAVE_STRCASECMP 1
| #define HAVE_STRNCASECMP 1
| #define HAVE_STRLCPY 1
| #define HAVE_COPYFILE 1
| #define HAVE_SYSCTLBYNAME 1
| #define HAVE_COMMONCRYPTO_COMMONDIGEST_H 1
| #define HAVE_LIBREADLINE 1
| /* end confdefs.h.  */
| 
| 	#include <stdio.h>
| 	#if HAVE_READLINE_READLINE_H
| 	# include <readline/readline.h>
| 	#endif
| 
| 
| int
| main ()
| {
| #ifndef rl_username_completion_function
| #ifdef __cplusplus
|   (void) rl_username_completion_function;
| #else
|   (void) rl_username_completion_function;
| #endif
| #endif
| 
|   ;
|   return 0;
| }
configure:9036: result: no
configure:9052: checking whether rl_filename_completion_function is declared
configure:9052: /usr/bin/cc -c -g -O2  conftest.c >&5
configure:9052: $? = 0
configure:9052: result: yes
configure:9068: checking whether rl_completion_matches is declared
configure:9068: /usr/bin/cc -c -g -O2  conftest.c >&5
configure:9068: $? = 0
configure:9068: result: yes
configure:9084: checking whether username_completion_function is declared
configure:9084: /usr/bin/cc -c -g -O2  conftest.c >&5
configure:9084: $? = 0
configure:9084: result: yes
configure:9100: checking whether filename_completion_function is declared
configure:9100: /usr/bin/cc -c -g -O2  conftest.c >&5
configure:9100: $? = 0
configure:9100: result: yes
configure:9116: checking whether completion_matches is declared
configure:9116: /usr/bin/cc -c -g -O2  conftest.c >&5
configure:9116: $? = 0
configure:9116: result: yes
configure:9163: checking for Tcl configuration
configure:9235: result: found /usr/lib/tclConfig.sh
configure:9241: checking for existence of /usr/lib/tclConfig.sh
configure:9245: result: loading
configure:9296: checking for Tcl public headers
configure:9345: result: /usr/include
configure:9412: checking for tclsh
configure:9430: found /usr/bin/tclsh
configure:9442: result: /usr/bin/tclsh
configure:9463: checking for Tcl package directory
configure:9526: result: /Users/defn/Library/Tcl
configure:9541: checking whether tclsh was compiled with threads
configure:9545: result: yes
configure:9566: checking for curl-config
configure:9584: found /usr/bin/curl-config
configure:9596: result: /usr/bin/curl-config
configure:9679: checking sqlite3.h usability
configure:9679: /usr/bin/cc -c -g -O2  conftest.c >&5
configure:9679: $? = 0
configure:9679: result: yes
configure:9679: checking sqlite3.h presence
configure:9679: /usr/bin/cc -E  conftest.c
configure:9679: $? = 0
configure:9679: result: yes
configure:9679: checking for sqlite3.h
configure:9679: result: yes
configure:9750: checking sqlite3ext.h usability
configure:9750: /usr/bin/cc -c -g -O2   conftest.c >&5
configure:9750: $? = 0
configure:9750: result: yes
configure:9750: checking sqlite3ext.h presence
configure:9750: /usr/bin/cc -E   conftest.c
configure:9750: $? = 0
configure:9750: result: yes
configure:9750: checking for sqlite3ext.h
configure:9750: result: yes
configure:9787: checking for Tcl sqlite3 location
configure:9796: result: /usr/lib/sqlite3
configure:9806: checking for SQLite >= 3003011
configure:9826: /usr/bin/cc -E   conftest.c
configure:9826: $? = 0
configure:9858: /usr/bin/cc -E   conftest.c
configure:9858: $? = 0
configure:9869: result: yes
configure:9898: checking for Tcl Thread package
configure:9902: result: yes
configure:9937: checking how to build libraries
configure:9955: result: shared
configure:9998: checking that any existing MacPorts install can be upgraded
configure:10005: result: yes
configure:10148: creating ./config.status

## ---------------------- ##
## Running config.status. ##
## ---------------------- ##

This file was extended by MacPorts config.status 2.1.2, which was
generated by GNU Autoconf 2.69.  Invocation command line was

  CONFIG_FILES    = 
  CONFIG_HEADERS  = 
  CONFIG_LINKS    = 
  CONFIG_COMMANDS = 
  $ ./config.status 

on alice.local

config.status:1018: creating src/programs/daemondo/Makefile
config.status:1018: creating Doxyfile
config.status:1018: creating Makefile
config.status:1018: creating Mk/macports.autoconf.mk
config.status:1018: creating doc/base.mtree
config.status:1018: creating doc/prefix.mtree
config.status:1018: creating doc/macosx.mtree
config.status:1018: creating doc/macports.conf
config.status:1018: creating doc/pubkeys.conf
config.status:1018: creating portmgr/freebsd/Makefile
config.status:1018: creating src/Makefile
config.status:1018: creating src/machista1.0/Makefile
config.status:1018: creating src/macports1.0/macports_autoconf.tcl
config.status:1018: creating src/port1.0/port_autoconf.tcl
config.status:1018: creating src/registry2.0/registry_autoconf.tcl
config.status:1018: creating src/programs/Makefile
config.status:1018: creating src/macports1.0/macports_fastload.tcl
config.status:1018: creating setupenv.bash
config.status:1018: creating src/pkg_mkindex.sh
config.status:1018: creating src/config.h

## ---------------- ##
## Cache variables. ##
## ---------------- ##

ac_cv_build=x86_64-apple-darwin12.0.0
ac_cv_c_compiler_gnu=yes
ac_cv_c_tclconfig=/usr/lib
ac_cv_c_tclh=/usr/include
ac_cv_c_tclpkgd=/Users/defn/Library/Tcl
ac_cv_env_BSDMAKE_set=
ac_cv_env_BSDMAKE_value=
ac_cv_env_BZIP2_set=
ac_cv_env_BZIP2_value=
ac_cv_env_CC_set=set
ac_cv_env_CC_value=/usr/bin/cc
ac_cv_env_CFLAGS_set=
ac_cv_env_CFLAGS_value=
ac_cv_env_CPPFLAGS_set=
ac_cv_env_CPPFLAGS_value=
ac_cv_env_CPP_set=
ac_cv_env_CPP_value=
ac_cv_env_CVS_set=
ac_cv_env_CVS_value=
ac_cv_env_GNUMAKE_set=
ac_cv_env_GNUMAKE_value=
ac_cv_env_GNUTAR_set=
ac_cv_env_GNUTAR_value=
ac_cv_env_LDFLAGS_set=
ac_cv_env_LDFLAGS_value=
ac_cv_env_LIBS_set=
ac_cv_env_LIBS_value=
ac_cv_env_LZMA_set=
ac_cv_env_LZMA_value=
ac_cv_env_MAKE_set=
ac_cv_env_MAKE_value=
ac_cv_env_MTREE_set=
ac_cv_env_MTREE_value=
ac_cv_env_OBJCFLAGS_set=
ac_cv_env_OBJCFLAGS_value=
ac_cv_env_OBJCPP_set=
ac_cv_env_OBJCPP_value=
ac_cv_env_OBJC_set=
ac_cv_env_OBJC_value=
ac_cv_env_OPENSSL_set=
ac_cv_env_OPENSSL_value=
ac_cv_env_OPEN_set=
ac_cv_env_OPEN_value=
ac_cv_env_RSYNC_set=
ac_cv_env_RSYNC_value=
ac_cv_env_SED_set=
ac_cv_env_SED_value=
ac_cv_env_SVN_set=
ac_cv_env_SVN_value=
ac_cv_env_SWIG_set=
ac_cv_env_SWIG_value=
ac_cv_env_TAR_set=
ac_cv_env_TAR_value=
ac_cv_env_XAR_set=
ac_cv_env_XAR_value=
ac_cv_env_XZ_set=
ac_cv_env_XZ_value=
ac_cv_env_build_alias_set=
ac_cv_env_build_alias_value=
ac_cv_env_host_alias_set=
ac_cv_env_host_alias_value=
ac_cv_env_target_alias_set=
ac_cv_env_target_alias_value=
ac_cv_func_bzero=yes
ac_cv_func_clearenv=no
ac_cv_func_copyfile=yes
ac_cv_func_fgetln=yes
ac_cv_func_flock=yes
ac_cv_func_lockf=yes
ac_cv_func_memset=yes
ac_cv_func_setmode=yes
ac_cv_func_strcasecmp=yes
ac_cv_func_strlcpy=yes
ac_cv_func_strncasecmp=yes
ac_cv_func_sysctlbyname=yes
ac_cv_have_decl_completion_matches=yes
ac_cv_have_decl_filename_completion_function=yes
ac_cv_have_decl_rl_completion_matches=yes
ac_cv_have_decl_rl_filename_completion_function=yes
ac_cv_have_decl_rl_username_completion_function=no
ac_cv_have_decl_username_completion_function=yes
ac_cv_header_CommonCrypto_CommonDigest_h=yes
ac_cv_header_crt_externs_h=yes
ac_cv_header_dirent_dirent_h=yes
ac_cv_header_err_h=yes
ac_cv_header_fcntl_h=yes
ac_cv_header_inttypes_h=yes
ac_cv_header_limits_h=yes
ac_cv_header_memory_h=yes
ac_cv_header_objc_objc_h=yes
ac_cv_header_paths_h=yes
ac_cv_header_pwd_h=yes
ac_cv_header_readline_history_h=yes
ac_cv_header_readline_readline_h=yes
ac_cv_header_sqlite3_h=yes
ac_cv_header_sqlite3ext_h=yes
ac_cv_header_stdc=yes
ac_cv_header_stdint_h=yes
ac_cv_header_stdlib_h=yes
ac_cv_header_string_h=yes
ac_cv_header_strings_h=yes
ac_cv_header_sys_cdefs_h=yes
ac_cv_header_sys_fcntl_h=yes
ac_cv_header_sys_file_h=yes
ac_cv_header_sys_paths_h=yes
ac_cv_header_sys_socket_h=yes
ac_cv_header_sys_stat_h=yes
ac_cv_header_sys_sysctl_h=yes
ac_cv_header_sys_types_h=yes
ac_cv_header_sys_wait_h=yes
ac_cv_header_unistd_h=yes
ac_cv_header_utime_h=yes
ac_cv_host=x86_64-apple-darwin12.0.0
ac_cv_lib_readline_readline=yes
ac_cv_objc_compiler_gnu=yes
ac_cv_objc_foundation_apple=yes
ac_cv_objext=o
ac_cv_path_BZIP2=/usr/bin/bzip2
ac_cv_path_CHOWN=/usr/sbin/chown
ac_cv_path_CP=/bin/cp
ac_cv_path_CPIO=/usr/bin/cpio
ac_cv_path_CURL_CONFIG=/usr/bin/curl-config
ac_cv_path_CVS=/usr/bin/cvs
ac_cv_path_DEFAULTS=/usr/bin/defaults
ac_cv_path_DIFF=/usr/bin/diff
ac_cv_path_DSCL=/usr/bin/dscl
ac_cv_path_DSEDITGROUP=/usr/sbin/dseditgroup
ac_cv_path_EGREP='/usr/bin/grep -E'
ac_cv_path_FILE=/usr/bin/file
ac_cv_path_GIT=/usr/bin/git
ac_cv_path_GNUMAKE=/usr/bin/gnumake
ac_cv_path_GNUTAR=/usr/bin/gnutar
ac_cv_path_GREP=/usr/bin/grep
ac_cv_path_GZIP=/usr/bin/gzip
ac_cv_path_HDIUTIL=/usr/bin/hdiutil
ac_cv_path_LAUNCHCTL=/bin/launchctl
ac_cv_path_LIPO=/usr/bin/lipo
ac_cv_path_LSBOM=/usr/bin/lsbom
ac_cv_path_MAKE=/usr/bin/make
ac_cv_path_MDFIND=/usr/bin/mdfind
ac_cv_path_MDLS=/usr/bin/mdls
ac_cv_path_MKBOM=/usr/bin/mkbom
ac_cv_path_MTREE=/usr/sbin/mtree
ac_cv_path_OPEN=/usr/bin/open
ac_cv_path_OPENSSL=/usr/bin/openssl
ac_cv_path_PATCH=/usr/bin/patch
ac_cv_path_PAX=/bin/pax
ac_cv_path_RMDIR=/bin/rmdir
ac_cv_path_RSYNC=/usr/bin/rsync
ac_cv_path_SED=/usr/bin/sed
ac_cv_path_SVN=/usr/bin/svn
ac_cv_path_SW_VERS=/usr/bin/sw_vers
ac_cv_path_TAR=/usr/bin/tar
ac_cv_path_TCLSH=/usr/bin/tclsh
ac_cv_path_UNZIP=/usr/bin/unzip
ac_cv_path_XAR=/usr/bin/xar
ac_cv_path_XCODEBUILD=/usr/bin/xcodebuild
ac_cv_path_XCODE_SELECT=/usr/bin/xcode-select
ac_cv_path_XCRUN=/usr/bin/xcrun
ac_cv_path_ZIP=/usr/bin/zip
ac_cv_path_install='/usr/bin/install -c'
ac_cv_prog_CPP='/usr/bin/cc -E'
ac_cv_prog_HAVE_LAUNCHD=yes
ac_cv_prog_OBJCPP='gcc -E'
ac_cv_prog_ac_ct_CC=/usr/bin/cc
ac_cv_prog_ac_ct_OBJC=gcc
ac_cv_prog_cc_c89=
ac_cv_prog_cc_g=yes
ac_cv_prog_make_make_set=yes
ac_cv_prog_objc_g=yes
ac_cv_search_opendir='none required'
ac_cv_target=x86_64-apple-darwin12.0.0
mp_cv_attribute_mp_private='__attribute__((visibility("hidden")))'
mp_cv_have_framework_corefoundation=yes
mp_cv_have_framework_iokit=yes
mp_cv_have_framework_systemconfiguration=yes
mp_cv_have_function_cfnotificationcentergetdarwinnotifycenter=yes
mp_cv_objc_req_pthread=no
mp_cv_objc_runtime_apple=yes
mp_cv_objc_runtime_gnu=no
mp_cv_readlink_is_posix_1003_1a=yes
mp_cv_sqlite3_dir=/usr/lib/sqlite3
mp_cv_sqlite_version_defined=yes
mp_cv_sqlite_version_ge_3003011=yes

## ----------------- ##
## Output variables. ##
## ----------------- ##

BSDMAKE=''
BZIP2='/usr/bin/bzip2'
BZR=''
CC='/usr/bin/cc'
CFLAGS='-g -O2'
CFLAGS_LIBCURL=''
CFLAGS_PEDANTIC='-pedantic'
CFLAGS_QUICHEEATERS='-Wextra -Wall'
CFLAGS_SQLITE3=''
CFLAGS_WERROR=''
CHOWN='/usr/sbin/chown'
CP='/bin/cp'
CPIO='/usr/bin/cpio'
CPP='/usr/bin/cc -E'
CPPFLAGS=''
CURL_CONFIG='/usr/bin/curl-config'
CVS='/usr/bin/cvs'
DEFAULTS='/usr/bin/defaults'
DEFS='-DHAVE_CONFIG_H'
DEVELOPER_DIR='/Applications/Xcode.app/Contents/Developer'
DIFF='/usr/bin/diff'
DSCL='/usr/bin/dscl'
DSEDITGROUP='/usr/sbin/dseditgroup'
DSTGRP='staff'
DSTMODE='0755'
DSTUSR='defn'
ECHO_C='\c'
ECHO_N=''
ECHO_T=''
EGREP='/usr/bin/grep -E'
EXEEXT=''
EXTRA_PROGS=' daemondo'
FILE='/usr/bin/file'
GIT='/usr/bin/git'
GNUMAKE='/usr/bin/gnumake'
GNUPATCH='/usr/bin/patch'
GNUTAR='/usr/bin/gnutar'
GREP='/usr/bin/grep'
GZIP='/usr/bin/gzip'
HAVE_FRAMEWORK_COREFOUNDATION=''
HAVE_FRAMEWORK_IOKIT=''
HAVE_FRAMEWORK_SYSTEMCONFIGURATION=''
HAVE_FUNCTION_CFNOTIFICATIONCENTERGETDARWINNOTIFYCENTER=''
HAVE_LAUNCHD='yes'
HDIUTIL='/usr/bin/hdiutil'
HG=''
INCLUDES='-I.. -I. '
INSTALL_DATA='${INSTALL} -m 644'
INSTALL_PROGRAM='${INSTALL}'
INSTALL_SCRIPT='${INSTALL}'
LAUNCHCTL='/bin/launchctl'
LDFLAGS=''
LDFLAGS_LIBCURL='-lcurl'
LDFLAGS_SQLITE3='-lsqlite3'
LIBOBJS=''
LIBS=''
LIPO='/usr/bin/lipo'
LN_S='ln -s'
LSBOM='/usr/bin/lsbom'
LTLIBOBJS=''
LZMA=''
MACPORTS_VERSION='2.1.2'
MAKE='/usr/bin/make'
MD5_LIBS=''
MDFIND='/usr/bin/mdfind'
MDLS='/usr/bin/mdls'
MKBOM='/usr/bin/mkbom'
MPAPPLICATIONSDIR='/Users/defn/Applications/MacPorts'
MPCONFIGDIR='${sysconfdir}/macports'
MPCONFIGDIR_EXPANDED='/Users/defn/.macports/_local/etc/macports'
MPFRAMEWORKSDIR='/Users/defn/.macports/_local/Library/Frameworks'
MTREE='/usr/sbin/mtree'
OBJC='gcc'
OBJCFLAGS='-g -O2'
OBJCPP='gcc -E'
OBJC_FOUNDATION='Apple'
OBJC_FOUNDATION_CPPFLAGS=''
OBJC_FOUNDATION_LDFLAGS=''
OBJC_FOUNDATION_LIBS='-framework Foundation'
OBJC_LIBS='-lobjc'
OBJC_PTHREAD_CFLAGS='-D_THREAD_SAFE '
OBJC_PTHREAD_LIBS=''
OBJC_RUNTIME='APPLE_RUNTIME'
OBJC_RUNTIME_FLAGS='-fnext-runtime'
OBJEXT='o'
OPEN='/usr/bin/open'
OPENSSL='/usr/bin/openssl'
OUR_INCLUDED_PACKAGES=''
PACKAGE_BUGREPORT='macports-dev@lists.macosforge.org'
PACKAGE_NAME='MacPorts'
PACKAGE_STRING='MacPorts 2.1.2'
PACKAGE_TARNAME='macports'
PACKAGE_URL=''
PACKAGE_VERSION='2.1.2'
PATCH='/usr/bin/patch'
PATHCONF=''
PATH_CLEANED='/bin:/sbin:/usr/bin:/usr/sbin'
PATH_SEPARATOR=':'
PAX='/bin/pax'
PKG_CONFIG=''
PORTSDIR='/Users/defn/.macports/_local/var/macports/sources/rsync.macports.org/release/ports'
PTHREAD_CFLAGS='-D_THREAD_SAFE '
PTHREAD_LIBS=''
READLINE_LIBS='-lreadline'
READLINK_IS_NOT_P1003_1A=''
RMDIR='/bin/rmdir'
RSYNC='/usr/bin/rsync'
RUNUSR='macports'
SED='/usr/bin/sed'
SED_EXT='-E'
SET_MAKE=''
SHELL='/bin/sh'
SHLIB_CFLAGS='-fno-common'
SHLIB_LD='${CC} -dynamiclib ${CFLAGS} ${LDFLAGS} -Wl,-single_module'
SHLIB_LDFLAGS=''
SHLIB_SUFFIX='.dylib'
SQLITE3_TCL_DIR='/usr/lib/sqlite3'
STLIB_LD='${AR} cr'
SVN='/usr/bin/svn'
SWIG=''
SW_VERS='/usr/bin/sw_vers'
TAR='/usr/bin/tar'
TAR_CMD='/usr/bin/gnutar --no-same-owner'
TAR_Q='q'
TCLSH='/usr/bin/tclsh'
TCL_BIN_DIR='/usr/lib'
TCL_CC='/Applications/Xcode.app/Contents/Developer/Toolchains/OSX10.8.xctoolchain/usr/bin/cc'
TCL_DEFS='-DPACKAGE_NAME=\"tcl\" -DPACKAGE_TARNAME=\"tcl\" -DPACKAGE_VERSION=\"8.5\" -DPACKAGE_STRING=\"tcl\ 8.5\" -DPACKAGE_BUGREPORT=\"\" -DSTDC_HEADERS=1 -DHAVE_SYS_TYPES_H=1 -DHAVE_SYS_STAT_H=1 -DHAVE_STDLIB_H=1 -DHAVE_STRING_H=1 -DHAVE_MEMORY_H=1 -DHAVE_STRINGS_H=1 -DHAVE_INTTYPES_H=1 -DHAVE_STDINT_H=1 -DHAVE_UNISTD_H=1 -DNO_VALUES_H=1 -DHAVE_LIMITS_H=1 -DHAVE_SYS_PARAM_H=1 -DUSE_THREAD_ALLOC=1 -D_REENTRANT=1 -D_THREAD_SAFE=1 -DHAVE_PTHREAD_ATTR_SETSTACKSIZE=1 -DHAVE_PTHREAD_GET_STACKSIZE_NP=1 -DTCL_THREADS=1 -DTCL_CFGVAL_ENCODING=\"iso8859-1\" -DMODULE_SCOPE=extern\ __attribute__\(\(__visibility__\(\"hidden\"\)\)\) -DMAC_OSX_TCL=1 -DHAVE_COREFOUNDATION=1 -DTCL_SHLIB_EXT=\".dylib\" -DTCL_CFG_OPTIMIZED=1 -DTCL_CFG_DEBUG=1 -DTCL_TOMMATH=1 -DMP_PREC=4 -DTCL_WIDE_INT_IS_LONG=1 -DHAVE_GETCWD=1 -DHAVE_OPENDIR=1 -DHAVE_STRTOL=1 -DHAVE_WAITPID=1 -DHAVE_GETADDRINFO=1 -DHAVE_GETPWUID_R_5=1 -DHAVE_GETPWUID_R=1 -DHAVE_GETPWNAM_R_5=1 -DHAVE_GETPWNAM_R=1 -DHAVE_GETGRGID_R_5=1 -DHAVE_GETGRGID_R=1 -DHAVE_GETGRNAM_R_5=1 -DHAVE_GETGRNAM_R=1 -DHAVE_MTSAFE_GETHOSTBYNAME=1 -DHAVE_MTSAFE_GETHOSTBYADDR=1 -DHAVE_SYS_TIME_H=1 -DTIME_WITH_SYS_TIME=1 -DHAVE_GMTIME_R=1 -DHAVE_LOCALTIME_R=1 -DHAVE_MKTIME=1 -DHAVE_TM_GMTOFF=1 -DHAVE_TIMEZONE_VAR=1 -DHAVE_STRUCT_STAT_ST_BLOCKS=1 -DHAVE_STRUCT_STAT_ST_BLKSIZE=1 -DHAVE_BLKCNT_T=1 -DHAVE_INTPTR_T=1 -DHAVE_UINTPTR_T=1 -DHAVE_SIGNED_CHAR=1 -DHAVE_LANGINFO=1 -DHAVE_CHFLAGS=1 -DHAVE_GETATTRLIST=1 -DHAVE_COPYFILE_H=1 -DHAVE_COPYFILE=1 -DHAVE_LIBKERN_OSATOMIC_H=1 -DHAVE_OSSPINLOCKLOCK=1 -DHAVE_PTHREAD_ATFORK=1 -DUSE_VFORK=1 -DTCL_DEFAULT_ENCODING=\"utf-8\" -DTCL_LOAD_FROM_MEMORY=1 -DTCL_WIDE_CLICKS=1 -DHAVE_AVAILABILITYMACROS_H=1 -DHAVE_WEAK_IMPORT=1 -D_DARWIN_C_SOURCE=1 -DHAVE_FTS=1 -DHAVE_SYS_IOCTL_H=1 -DHAVE_SYS_FILIO_H=1 -DTCL_UNLOAD_DLLS=1 -DUSE_DTRACE=1 -DTCL_FRAMEWORK=1 '
TCL_INCLUDES='-I"/usr/include"'
TCL_LIB_FILE='Tcl'
TCL_LIB_FLAG='-framework Tcl'
TCL_LIB_SPEC='-F/System/Library/Frameworks -framework Tcl'
TCL_PACKAGE_DIR='/Users/defn/Library/Tcl'
TCL_SRC_DIR='/SourceCache/tcl/tcl-97.1/tcl/tcl'
TCL_STUB_LIB_FILE='libtclstub8.5.a'
TCL_STUB_LIB_FLAG='-ltclstub8.5'
TCL_STUB_LIB_SPEC='-L/System/Library/Frameworks/Tcl.framework/Versions/8.5 -ltclstub8.5'
TCL_VERSION='8.5'
UNIVERSAL_ARCHS='x86_64 i386'
UNZIP='/usr/bin/unzip'
XAR='/usr/bin/xar'
XCODEBUILD='/usr/bin/xcodebuild'
XCODE_SELECT='/usr/bin/xcode-select'
XCRUN='/usr/bin/xcrun'
XZ=''
ZIP='/usr/bin/zip'
ac_ct_CC='/usr/bin/cc'
ac_ct_OBJC='gcc'
acx_pthread_config=''
bindir='${exec_prefix}/bin'
build='x86_64-apple-darwin12.0.0'
build_alias=''
build_cpu='x86_64'
build_os='darwin12.0.0'
build_vendor='apple'
datadir='${datarootdir}'
datarootdir='${prefix}/share'
docdir='${datarootdir}/doc/${PACKAGE_TARNAME}'
dvidir='${docdir}'
exec_prefix='${prefix}'
host='x86_64-apple-darwin12.0.0'
host_alias=''
host_cpu='x86_64'
host_os='darwin12.0.0'
host_vendor='apple'
htmldir='${docdir}'
includedir='${prefix}/include'
infodir='${datarootdir}/info'
libdir='${exec_prefix}/lib'
libexecdir='${exec_prefix}/libexec'
localedir='${datarootdir}/locale'
localstatedir='${prefix}/var'
localstatedir_expanded='/Users/defn/.macports/_local/var'
macports_tcl_dir='/Users/defn/.macports/_local/share/macports/Tcl'
mandir='${datarootdir}/man'
oldincludedir='/usr/include'
pdfdir='${docdir}'
prefix='/Users/defn/.macports/_local'
prefix_expanded='/Users/defn/.macports/_local'
program_transform_name='s,x,x,'
psdir='${docdir}'
sbindir='${exec_prefix}/sbin'
sharedstatedir='${prefix}/com'
subdirs=''
sysconfdir='${prefix}/etc'
target='x86_64-apple-darwin12.0.0'
target_alias=''
target_cpu='x86_64'
target_os='darwin12.0.0'
target_vendor='apple'

## ----------- ##
## confdefs.h. ##
## ----------- ##

/* confdefs.h */
#define PACKAGE_NAME "MacPorts"
#define PACKAGE_TARNAME "macports"
#define PACKAGE_VERSION "2.1.2"
#define PACKAGE_STRING "MacPorts 2.1.2"
#define PACKAGE_BUGREPORT "macports-dev@lists.macosforge.org"
#define PACKAGE_URL ""
#define UNUSED __attribute__((unused))
#define MP_PRIVATE __attribute__((visibility("hidden")))
#define HAVE_PTHREAD 1
#define STDC_HEADERS 1
#define HAVE_SYS_TYPES_H 1
#define HAVE_SYS_STAT_H 1
#define HAVE_STDLIB_H 1
#define HAVE_STRING_H 1
#define HAVE_MEMORY_H 1
#define HAVE_STRINGS_H 1
#define HAVE_INTTYPES_H 1
#define HAVE_STDINT_H 1
#define HAVE_UNISTD_H 1
#define HAVE_OBJC_OBJC_H 1
#define APPLE_RUNTIME 1
#define APPLE_FOUNDATION 1
#define HAVE_FRAMEWORK_COREFOUNDATION /**/
#define HAVE_FRAMEWORK_SYSTEMCONFIGURATION /**/
#define HAVE_FRAMEWORK_IOKIT /**/
#define HAVE_FUNCTION_CFNOTIFICATIONCENTERGETDARWINNOTIFYCENTER /**/
#define STDC_HEADERS 1
#define HAVE_DIRENT_H 1
#define HAVE_SYS_WAIT_H 1
#define HAVE_LIMITS_H 1
#define HAVE_PATHS_H 1
#define HAVE_SYS_FILE_H 1
#define HAVE_CRT_EXTERNS_H 1
#define HAVE_FCNTL_H 1
#define HAVE_SYS_FCNTL_H 1
#define HAVE_SYS_CDEFS_H 1
#define HAVE_ERR_H 1
#define HAVE_SYS_SOCKET_H 1
#define HAVE_SYS_SYSCTL_H 1
#define HAVE_READLINE_READLINE_H 1
#define HAVE_READLINE_HISTORY_H 1
#define HAVE_PWD_H 1
#define HAVE_SYS_PATHS_H 1
#define HAVE_UTIME_H 1
#define HAVE_BZERO 1
#define HAVE_MEMSET 1
#define HAVE_FGETLN 1
#define HAVE_LOCKF 1
#define HAVE_FLOCK 1
#define HAVE_SETMODE 1
#define HAVE_STRCASECMP 1
#define HAVE_STRNCASECMP 1
#define HAVE_STRLCPY 1
#define HAVE_COPYFILE 1
#define HAVE_SYSCTLBYNAME 1
#define HAVE_COMMONCRYPTO_COMMONDIGEST_H 1
#define HAVE_LIBREADLINE 1
#define HAVE_DECL_RL_USERNAME_COMPLETION_FUNCTION 0
#define HAVE_DECL_RL_FILENAME_COMPLETION_FUNCTION 1
#define HAVE_DECL_RL_COMPLETION_MATCHES 1
#define HAVE_DECL_USERNAME_COMPLETION_FUNCTION 1
#define HAVE_DECL_FILENAME_COMPLETION_FUNCTION 1
#define HAVE_DECL_COMPLETION_MATCHES 1
#define MIN_USABLE_UID 500
#define MIN_USABLE_GID 500
#define HAVE_SQLITE3EXT_H 1

configure: exit 0
